2016-05-08 01:19:11 INFO  MyServiceImpl:40 - Calling a method: getUserById
2016-05-08 01:20:50 INFO  MyServiceImpl:40 - Calling a method: getUserById
2016-05-08 01:21:23 INFO  MyServiceImpl:40 - Calling a method: getUserById
2016-05-08 01:37:09 INFO  MyServiceImpl:40 - Calling a method: getUserById
2016-05-21 00:19:12 INFO  ContextLoader:305 - Root WebApplicationContext: initialization started
2016-05-21 00:19:12 INFO  XmlWebApplicationContext:578 - Refreshing Root WebApplicationContext: startup date [Sat May 21 00:19:12 GMT 2016]; root of context hierarchy
2016-05-21 00:19:12 INFO  XmlBeanDefinitionReader:317 - Loading XML bean definitions from ServletContext resource [/WEB-INF/databaseConnection.xml]
2016-05-21 00:19:12 INFO  XmlBeanDefinitionReader:317 - Loading XML bean definitions from ServletContext resource [/WEB-INF/spring-security.xml]
2016-05-21 00:19:12 INFO  SpringSecurityCoreVersion:59 - You are running with Spring Security Core 4.0.3.RELEASE
2016-05-21 00:19:12 INFO  SecurityNamespaceHandler:78 - Spring Security 'config' module version is 4.0.3.RELEASE
2016-05-21 00:19:12 INFO  FilterInvocationSecurityMetadataSourceParser:158 - Creating access control expression attribute 'hasRole('ROLE_USER') or hasRole('ROLE_ADMIN')' for /user**
2016-05-21 00:19:12 INFO  FilterInvocationSecurityMetadataSourceParser:158 - Creating access control expression attribute 'hasRole('ROLE_USER') or hasRole('ROLE_ADMIN')' for /user/**
2016-05-21 00:19:12 INFO  FilterInvocationSecurityMetadataSourceParser:158 - Creating access control expression attribute 'hasRole('ROLE_ADMIN') or hasRole('ROLE_SHADOW')' for /admin**
2016-05-21 00:19:12 INFO  FilterInvocationSecurityMetadataSourceParser:158 - Creating access control expression attribute 'hasRole('ROLE_ADMIN') or hasRole('ROLE_SHADOW')' for /admin/**
2016-05-21 00:19:13 INFO  HttpSecurityBeanDefinitionParser:306 - Checking sorted filter chain: [Root bean: class [org.springframework.security.web.context.SecurityContextPersistenceFilter]; scope=; abstract=false; lazyInit=false; autowireMode=0; dependencyCheck=0; autowireCandidate=true; primary=false; factoryBeanName=null; factoryMethodName=null; initMethodName=null; destroyMethodName=null, order = 200, Root bean: class [org.springframework.security.web.header.HeaderWriterFilter]; scope=; abstract=false; lazyInit=false; autowireMode=0; dependencyCheck=0; autowireCandidate=true; primary=false; factoryBeanName=null; factoryMethodName=null; initMethodName=null; destroyMethodName=null, order = 500, Root bean: class [org.springframework.security.web.authentication.logout.LogoutFilter]; scope=; abstract=false; lazyInit=false; autowireMode=0; dependencyCheck=0; autowireCandidate=true; primary=false; factoryBeanName=null; factoryMethodName=null; initMethodName=null; destroyMethodName=null, order = 700, <org.springframework.security.web.authentication.UsernamePasswordAuthenticationFilter#0>, order = 1100, Root bean: class [org.springframework.security.web.authentication.www.BasicAuthenticationFilter]; scope=; abstract=false; lazyInit=false; autowireMode=0; dependencyCheck=0; autowireCandidate=true; primary=false; factoryBeanName=null; factoryMethodName=null; initMethodName=null; destroyMethodName=null, order = 1500, Root bean: class [org.springframework.security.web.savedrequest.RequestCacheAwareFilter]; scope=; abstract=false; lazyInit=false; autowireMode=0; dependencyCheck=0; autowireCandidate=true; primary=false; factoryBeanName=null; factoryMethodName=null; initMethodName=null; destroyMethodName=null, order = 1600, Root bean: class [org.springframework.security.web.servletapi.SecurityContextHolderAwareRequestFilter]; scope=; abstract=false; lazyInit=false; autowireMode=0; dependencyCheck=0; autowireCandidate=true; primary=false; factoryBeanName=null; factoryMethodName=null; initMethodName=null; destroyMethodName=null, order = 1700, Root bean: class [org.springframework.security.web.authentication.rememberme.RememberMeAuthenticationFilter]; scope=; abstract=false; lazyInit=false; autowireMode=0; dependencyCheck=0; autowireCandidate=true; primary=false; factoryBeanName=null; factoryMethodName=null; initMethodName=null; destroyMethodName=null, order = 1900, Root bean: class [org.springframework.security.web.authentication.AnonymousAuthenticationFilter]; scope=; abstract=false; lazyInit=false; autowireMode=0; dependencyCheck=0; autowireCandidate=true; primary=false; factoryBeanName=null; factoryMethodName=null; initMethodName=null; destroyMethodName=null, order = 2000, Root bean: class [org.springframework.security.web.session.SessionManagementFilter]; scope=; abstract=false; lazyInit=false; autowireMode=0; dependencyCheck=0; autowireCandidate=true; primary=false; factoryBeanName=null; factoryMethodName=null; initMethodName=null; destroyMethodName=null, order = 2100, Root bean: class [org.springframework.security.web.access.ExceptionTranslationFilter]; scope=; abstract=false; lazyInit=false; autowireMode=0; dependencyCheck=0; autowireCandidate=true; primary=false; factoryBeanName=null; factoryMethodName=null; initMethodName=null; destroyMethodName=null, order = 2200, <org.springframework.security.web.access.intercept.FilterSecurityInterceptor#0>, order = 2300]
2016-05-21 00:19:13 INFO  AutowiredAnnotationBeanPostProcessor:153 - JSR-330 'javax.inject.Inject' annotation found and supported for autowiring
2016-05-21 00:19:13 INFO  DefaultPersistenceUnitManager:498 - Found explicit default unit with name 'base' in persistence.xml - overriding local default unit settings ('packagesToScan'/'mappingResources')
2016-05-21 00:19:13 INFO  LocalContainerEntityManagerFactoryBean:339 - Building JPA container EntityManagerFactory for persistence unit 'base'
2016-05-21 00:19:13 INFO  LogHelper:31 - HHH000204: Processing PersistenceUnitInfo [
	name: base
	...]
2016-05-21 00:19:13 INFO  Version:37 - HHH000412: Hibernate Core {5.1.0.Final}
2016-05-21 00:19:13 INFO  Environment:213 - HHH000206: hibernate.properties not found
2016-05-21 00:19:13 INFO  Environment:317 - HHH000021: Bytecode provider name : javassist
2016-05-21 00:19:13 INFO  Version:66 - HCANN000001: Hibernate Commons Annotations {5.0.1.Final}
2016-05-21 00:19:13 WARN  connections:71 - HHH10001002: Using Hibernate built-in connection pool (not for production use!)
2016-05-21 00:19:13 INFO  connections:127 - HHH10001005: using driver [com.mysql.jdbc.Driver] at URL [jdbc:mysql://localhost:3306/myDatabase]
2016-05-21 00:19:13 INFO  connections:136 - HHH10001001: Connection properties: {user=root}
2016-05-21 00:19:13 INFO  connections:141 - HHH10001003: Autocommit mode: false
2016-05-21 00:19:13 INFO  DriverManagerConnectionProviderImpl:39 - HHH000115: Hibernate connection pool size: 20 (min=1)
2016-05-21 00:19:14 INFO  Dialect:156 - HHH000400: Using dialect: org.hibernate.dialect.MySQL5Dialect
2016-05-21 00:19:14 INFO  LobCreatorBuilderImpl:98 - HHH000423: Disabling contextual LOB creation as JDBC driver reported JDBC version [3] less than 4
2016-05-21 00:19:14 INFO  Version:17 - HV000001: Hibernate Validator 5.2.2.Final
2016-05-21 00:19:15 INFO  DriverManagerDataSource:133 - Loaded JDBC driver: com.mysql.jdbc.Driver
2016-05-21 00:19:15 INFO  JdbcUserDetailsManager:115 - No authentication manager set. Reauthentication of users when changing passwords will not be performed.
2016-05-21 00:19:15 INFO  JdbcUserDetailsManager:115 - No authentication manager set. Reauthentication of users when changing passwords will not be performed.
2016-05-21 00:19:16 INFO  DefaultSecurityFilterChain:28 - Creating filter chain: org.springframework.security.web.util.matcher.AnyRequestMatcher@1, [org.springframework.security.web.context.SecurityContextPersistenceFilter@63cb576b, org.springframework.security.web.header.HeaderWriterFilter@3ad864fc, org.springframework.security.web.authentication.logout.LogoutFilter@54cdfa92, org.springframework.security.web.authentication.UsernamePasswordAuthenticationFilter@1efdb2bd, org.springframework.security.web.authentication.www.BasicAuthenticationFilter@21e1a630, org.springframework.security.web.savedrequest.RequestCacheAwareFilter@6565aab0, org.springframework.security.web.servletapi.SecurityContextHolderAwareRequestFilter@75a93cd1, org.springframework.security.web.authentication.rememberme.RememberMeAuthenticationFilter@39d7f9b0, org.springframework.security.web.authentication.AnonymousAuthenticationFilter@1249af7b, org.springframework.security.web.session.SessionManagementFilter@239fbd9e, org.springframework.security.web.access.ExceptionTranslationFilter@4c59e257, org.springframework.security.web.access.intercept.FilterSecurityInterceptor@211ae4ea]
2016-05-21 00:19:16 INFO  DefaultFilterChainValidator:139 - Checking whether login URL '/logging' is accessible with your configuration
2016-05-21 00:19:16 INFO  ContextLoader:345 - Root WebApplicationContext: initialization completed in 4298 ms
2016-05-21 00:19:16 INFO  DispatcherServlet:488 - FrameworkServlet 'Dispatcher': initialization started
2016-05-21 00:19:16 INFO  XmlWebApplicationContext:578 - Refreshing WebApplicationContext for namespace 'Dispatcher-servlet': startup date [Sat May 21 00:19:16 GMT 2016]; parent: Root WebApplicationContext
2016-05-21 00:19:16 INFO  XmlBeanDefinitionReader:317 - Loading XML bean definitions from ServletContext resource [/WEB-INF/Dispatcher-context.xml]
2016-05-21 00:19:16 INFO  SecurityNamespaceHandler:78 - Spring Security 'config' module version is 4.0.3.RELEASE
2016-05-21 00:19:16 INFO  GlobalMethodSecurityBeanDefinitionParser:208 - Expressions were enabled for method security but no SecurityExpressionHandler was configured. All hasPermision() expressions will evaluate to false.
2016-05-21 00:19:16 INFO  XmlBeanDefinitionReader:317 - Loading XML bean definitions from ServletContext resource [/WEB-INF/databaseConnection.xml]
2016-05-21 00:19:16 INFO  AutowiredAnnotationBeanPostProcessor:153 - JSR-330 'javax.inject.Inject' annotation found and supported for autowiring
2016-05-21 00:19:17 INFO  DefaultPersistenceUnitManager:498 - Found explicit default unit with name 'base' in persistence.xml - overriding local default unit settings ('packagesToScan'/'mappingResources')
2016-05-21 00:19:17 INFO  LocalContainerEntityManagerFactoryBean:339 - Building JPA container EntityManagerFactory for persistence unit 'base'
2016-05-21 00:19:17 INFO  LogHelper:31 - HHH000204: Processing PersistenceUnitInfo [
	name: base
	...]
2016-05-21 00:19:17 WARN  connections:71 - HHH10001002: Using Hibernate built-in connection pool (not for production use!)
2016-05-21 00:19:17 INFO  connections:127 - HHH10001005: using driver [com.mysql.jdbc.Driver] at URL [jdbc:mysql://localhost:3306/myDatabase]
2016-05-21 00:19:17 INFO  connections:136 - HHH10001001: Connection properties: {user=root}
2016-05-21 00:19:17 INFO  connections:141 - HHH10001003: Autocommit mode: false
2016-05-21 00:19:17 INFO  DriverManagerConnectionProviderImpl:39 - HHH000115: Hibernate connection pool size: 20 (min=1)
2016-05-21 00:19:17 INFO  Dialect:156 - HHH000400: Using dialect: org.hibernate.dialect.MySQL5Dialect
2016-05-21 00:19:17 INFO  LobCreatorBuilderImpl:98 - HHH000423: Disabling contextual LOB creation as JDBC driver reported JDBC version [3] less than 4
2016-05-21 00:19:17 WARN  EntityManagerFactoryRegistry:63 - HHH000436: Entity manager factory name (base) is already registered.  If entity manager will be clustered or passivated, specify a unique value for property 'hibernate.ejb.entitymanager_factory_name'
2016-05-21 00:19:17 INFO  SimpleUrlHandlerMapping:341 - Mapped URL path [/resources/**] onto handler 'org.springframework.web.servlet.resource.ResourceHttpRequestHandler#0'
2016-05-21 00:19:17 INFO  RequestMappingHandlerMapping:534 - Mapped "{[/admin/allUsers],methods=[GET]}" onto public java.lang.String com.bakos.Controllers.AdminController.allUsers(org.springframework.ui.Model)
2016-05-21 00:19:17 INFO  RequestMappingHandlerMapping:534 - Mapped "{[/admin/delete/{id}],methods=[GET]}" onto public java.lang.String com.bakos.Controllers.AdminController.deleteUser(int,org.springframework.ui.Model)
2016-05-21 00:19:17 INFO  RequestMappingHandlerMapping:534 - Mapped "{[/admin/changeRole/{isTrue}],methods=[GET]}" onto public java.lang.String com.bakos.Controllers.AdminController.checkedTypes(boolean,org.springframework.ui.Model)
2016-05-21 00:19:17 INFO  RequestMappingHandlerMapping:534 - Mapped "{[/admin/settings],methods=[GET]}" onto public java.lang.String com.bakos.Controllers.AdminController.adminSettings(org.springframework.ui.Model)
2016-05-21 00:19:17 INFO  RequestMappingHandlerMapping:534 - Mapped "{[/admin/articles],methods=[GET]}" onto public java.lang.String com.bakos.Controllers.AdminController.articles(org.springframework.ui.Model)
2016-05-21 00:19:17 INFO  RequestMappingHandlerMapping:534 - Mapped "{[/admin/allArticles],methods=[GET],produces=[text/xml || application/json]}" onto public java.util.List<com.bakos.UserDTO.Articles> com.bakos.Controllers.AdminController.articlesAll(org.springframework.ui.Model)
2016-05-21 00:19:17 INFO  RequestMappingHandlerMapping:534 - Mapped "{[/admin/articles/remove/{id}],methods=[PUT]}" onto public void com.bakos.Controllers.AdminController.removeItem(int)
2016-05-21 00:19:17 INFO  RequestMappingHandlerMapping:534 - Mapped "{[/admin/settings],methods=[POST]}" onto public java.lang.String com.bakos.Controllers.AdminController.adminSettingsPost(com.bakos.UserDTO.Articles)
2016-05-21 00:19:17 INFO  RequestMappingHandlerMapping:534 - Mapped "{[/],methods=[GET]}" onto public java.lang.String com.bakos.Controllers.MainController.main(org.springframework.ui.Model)
2016-05-21 00:19:17 INFO  RequestMappingHandlerMapping:534 - Mapped "{[/register],methods=[POST]}" onto public java.lang.String com.bakos.Controllers.MainController.registerForm(com.bakos.UserDTO.Users,org.springframework.validation.BindingResult,org.springframework.ui.Model)
2016-05-21 00:19:17 INFO  RequestMappingHandlerMapping:534 - Mapped "{[/logging]}" onto public java.lang.String com.bakos.Controllers.MainController.LoggingBefore(org.springframework.ui.Model)
2016-05-21 00:19:17 INFO  RequestMappingHandlerMapping:534 - Mapped "{[/getRecipeById/{id}],methods=[GET]}" onto public java.lang.String com.bakos.Controllers.MainController.getRecipeById(int,org.springframework.ui.Model)
2016-05-21 00:19:17 INFO  RequestMappingHandlerMapping:534 - Mapped "{[/register],methods=[GET]}" onto public java.lang.String com.bakos.Controllers.MainController.registerFormInit(org.springframework.ui.Model)
2016-05-21 00:19:17 INFO  RequestMappingHandlerMapping:534 - Mapped "{[/aaaa],methods=[GET],produces=[text/xml || application/json]}" onto public java.util.List<com.bakos.UserDTO.CulinaryRecipes> com.bakos.Controllers.MainController.getCulinaryRecipesToHtml()
2016-05-21 00:19:17 INFO  RequestMappingHandlerMapping:534 - Mapped "{[/user/recipes/{id}],methods=[GET],produces=[text/xml || application/json]}" onto public com.bakos.UserDTO.CulinaryRecipes com.bakos.Controllers.RecipeController.read(int)
2016-05-21 00:19:17 INFO  RequestMappingHandlerMapping:534 - Mapped "{[/user/recipes/{id}],methods=[POST]}" onto public void com.bakos.Controllers.RecipeController.update(com.bakos.UserDTO.CulinaryRecipes,org.springframework.validation.BindingResult,int)
2016-05-21 00:19:17 INFO  RequestMappingHandlerMapping:534 - Mapped "{[/user/recipes/upload],methods=[GET]}" onto public java.lang.String com.bakos.Controllers.RecipeController.upload(org.springframework.ui.Model)
2016-05-21 00:19:17 INFO  RequestMappingHandlerMapping:534 - Mapped "{[/user/recipes/show/{id}],methods=[GET]}" onto public java.lang.String com.bakos.Controllers.RecipeController.show(int,org.springframework.ui.Model)
2016-05-21 00:19:17 INFO  RequestMappingHandlerMapping:534 - Mapped "{[/user/recipes/articles],methods=[GET]}" onto public java.lang.String com.bakos.Controllers.RecipeController.articles(org.springframework.ui.Model)
2016-05-21 00:19:17 INFO  RequestMappingHandlerMapping:534 - Mapped "{[/user/recipes],methods=[GET],produces=[text/xml || application/json]}" onto public java.util.List<com.bakos.UserDTO.CulinaryRecipes> com.bakos.Controllers.RecipeController.updateAll()
2016-05-21 00:19:17 INFO  RequestMappingHandlerMapping:534 - Mapped "{[/user/recipes/statistics],methods=[GET]}" onto public java.lang.String com.bakos.Controllers.RecipeController.statiscic(org.springframework.ui.Model)
2016-05-21 00:19:17 INFO  RequestMappingHandlerMapping:534 - Mapped "{[/user/recipes/uploadPost],methods=[POST]}" onto public java.lang.String com.bakos.Controllers.RecipeController.onSubmit(javax.servlet.http.HttpServletRequest) throws java.lang.IllegalStateException,java.io.IOException
2016-05-21 00:19:17 INFO  RequestMappingHandlerMapping:534 - Mapped "{[/user/recipes/remove/{id}],methods=[PUT]}" onto public void com.bakos.Controllers.RecipeController.removeItem(int)
2016-05-21 00:19:17 INFO  RequestMappingHandlerMapping:534 - Mapped "{[/user/settings],methods=[GET]}" onto public java.lang.String com.bakos.Controllers.UserController.settings(org.springframework.ui.Model)
2016-05-21 00:19:17 INFO  RequestMappingHandlerMapping:534 - Mapped "{[/user/checkedTypes],methods=[POST]}" onto public java.lang.String com.bakos.Controllers.UserController.checkedTypes(com.bakos.UserDTO.FilterPattern,org.springframework.ui.Model)
2016-05-21 00:19:17 INFO  RequestMappingHandlerMapping:534 - Mapped "{[/user/sendMessage],methods=[POST]}" onto public java.lang.String com.bakos.Controllers.UserController.sendMessage(com.bakos.UserDTO.Messages,java.security.Principal,org.springframework.ui.Model)
2016-05-21 00:19:17 INFO  RequestMappingHandlerMapping:534 - Mapped "{[/user/home],methods=[GET]}" onto public java.lang.String com.bakos.Controllers.UserController.home(org.springframework.ui.Model)
2016-05-21 00:19:17 INFO  RequestMappingHandlerMapping:534 - Mapped "{[/user/addRecipe],methods=[GET]}" onto public java.lang.String com.bakos.Controllers.UserController.addRecipeBefore(org.springframework.ui.Model)
2016-05-21 00:19:17 INFO  RequestMappingHandlerMapping:534 - Mapped "{[/user/addRecipe],methods=[POST]}" onto public java.lang.String com.bakos.Controllers.UserController.addRecipeAfter(com.bakos.UserDTO.CulinaryRecipes,org.springframework.validation.BindingResult,javax.servlet.http.HttpServletRequest,org.springframework.ui.Model)
2016-05-21 00:19:17 INFO  RequestMappingHandlerMapping:534 - Mapped "{[/user/myCulinaryRecipe],methods=[GET]}" onto public java.lang.String com.bakos.Controllers.UserController.myCulinaryRecipe(org.springframework.ui.Model)
2016-05-21 00:19:18 INFO  RequestMappingHandlerAdapter:532 - Looking for @ControllerAdvice: WebApplicationContext for namespace 'Dispatcher-servlet': startup date [Sat May 21 00:19:16 GMT 2016]; parent: Root WebApplicationContext
2016-05-21 00:19:18 INFO  RequestMappingHandlerAdapter:532 - Looking for @ControllerAdvice: WebApplicationContext for namespace 'Dispatcher-servlet': startup date [Sat May 21 00:19:16 GMT 2016]; parent: Root WebApplicationContext
2016-05-21 00:19:18 INFO  TilesAccess:93 - Publishing TilesContext for context: org.springframework.web.servlet.view.tiles3.SpringWildcardServletTilesApplicationContext
2016-05-21 00:19:19 INFO  DispatcherServlet:507 - FrameworkServlet 'Dispatcher': initialization completed in 2483 ms
2016-05-21 00:19:40 INFO  ContextLoader:305 - Root WebApplicationContext: initialization started
2016-05-21 00:19:40 INFO  XmlWebApplicationContext:578 - Refreshing Root WebApplicationContext: startup date [Sat May 21 00:19:40 GMT 2016]; root of context hierarchy
2016-05-21 00:19:40 INFO  XmlBeanDefinitionReader:317 - Loading XML bean definitions from ServletContext resource [/WEB-INF/databaseConnection.xml]
2016-05-21 00:19:41 INFO  XmlBeanDefinitionReader:317 - Loading XML bean definitions from ServletContext resource [/WEB-INF/spring-security.xml]
2016-05-21 00:19:41 INFO  SpringSecurityCoreVersion:59 - You are running with Spring Security Core 4.0.3.RELEASE
2016-05-21 00:19:41 INFO  SecurityNamespaceHandler:78 - Spring Security 'config' module version is 4.0.3.RELEASE
2016-05-21 00:19:41 INFO  FilterInvocationSecurityMetadataSourceParser:158 - Creating access control expression attribute 'hasRole('ROLE_USER') or hasRole('ROLE_ADMIN')' for /user**
2016-05-21 00:19:41 INFO  FilterInvocationSecurityMetadataSourceParser:158 - Creating access control expression attribute 'hasRole('ROLE_USER') or hasRole('ROLE_ADMIN')' for /user/**
2016-05-21 00:19:41 INFO  FilterInvocationSecurityMetadataSourceParser:158 - Creating access control expression attribute 'hasRole('ROLE_ADMIN') or hasRole('ROLE_SHADOW')' for /admin**
2016-05-21 00:19:41 INFO  FilterInvocationSecurityMetadataSourceParser:158 - Creating access control expression attribute 'hasRole('ROLE_ADMIN') or hasRole('ROLE_SHADOW')' for /admin/**
2016-05-21 00:19:41 INFO  HttpSecurityBeanDefinitionParser:306 - Checking sorted filter chain: [Root bean: class [org.springframework.security.web.context.SecurityContextPersistenceFilter]; scope=; abstract=false; lazyInit=false; autowireMode=0; dependencyCheck=0; autowireCandidate=true; primary=false; factoryBeanName=null; factoryMethodName=null; initMethodName=null; destroyMethodName=null, order = 200, Root bean: class [org.springframework.security.web.header.HeaderWriterFilter]; scope=; abstract=false; lazyInit=false; autowireMode=0; dependencyCheck=0; autowireCandidate=true; primary=false; factoryBeanName=null; factoryMethodName=null; initMethodName=null; destroyMethodName=null, order = 500, Root bean: class [org.springframework.security.web.authentication.logout.LogoutFilter]; scope=; abstract=false; lazyInit=false; autowireMode=0; dependencyCheck=0; autowireCandidate=true; primary=false; factoryBeanName=null; factoryMethodName=null; initMethodName=null; destroyMethodName=null, order = 700, <org.springframework.security.web.authentication.UsernamePasswordAuthenticationFilter#0>, order = 1100, Root bean: class [org.springframework.security.web.authentication.www.BasicAuthenticationFilter]; scope=; abstract=false; lazyInit=false; autowireMode=0; dependencyCheck=0; autowireCandidate=true; primary=false; factoryBeanName=null; factoryMethodName=null; initMethodName=null; destroyMethodName=null, order = 1500, Root bean: class [org.springframework.security.web.savedrequest.RequestCacheAwareFilter]; scope=; abstract=false; lazyInit=false; autowireMode=0; dependencyCheck=0; autowireCandidate=true; primary=false; factoryBeanName=null; factoryMethodName=null; initMethodName=null; destroyMethodName=null, order = 1600, Root bean: class [org.springframework.security.web.servletapi.SecurityContextHolderAwareRequestFilter]; scope=; abstract=false; lazyInit=false; autowireMode=0; dependencyCheck=0; autowireCandidate=true; primary=false; factoryBeanName=null; factoryMethodName=null; initMethodName=null; destroyMethodName=null, order = 1700, Root bean: class [org.springframework.security.web.authentication.rememberme.RememberMeAuthenticationFilter]; scope=; abstract=false; lazyInit=false; autowireMode=0; dependencyCheck=0; autowireCandidate=true; primary=false; factoryBeanName=null; factoryMethodName=null; initMethodName=null; destroyMethodName=null, order = 1900, Root bean: class [org.springframework.security.web.authentication.AnonymousAuthenticationFilter]; scope=; abstract=false; lazyInit=false; autowireMode=0; dependencyCheck=0; autowireCandidate=true; primary=false; factoryBeanName=null; factoryMethodName=null; initMethodName=null; destroyMethodName=null, order = 2000, Root bean: class [org.springframework.security.web.session.SessionManagementFilter]; scope=; abstract=false; lazyInit=false; autowireMode=0; dependencyCheck=0; autowireCandidate=true; primary=false; factoryBeanName=null; factoryMethodName=null; initMethodName=null; destroyMethodName=null, order = 2100, Root bean: class [org.springframework.security.web.access.ExceptionTranslationFilter]; scope=; abstract=false; lazyInit=false; autowireMode=0; dependencyCheck=0; autowireCandidate=true; primary=false; factoryBeanName=null; factoryMethodName=null; initMethodName=null; destroyMethodName=null, order = 2200, <org.springframework.security.web.access.intercept.FilterSecurityInterceptor#0>, order = 2300]
2016-05-21 00:19:41 INFO  AutowiredAnnotationBeanPostProcessor:153 - JSR-330 'javax.inject.Inject' annotation found and supported for autowiring
2016-05-21 00:19:41 INFO  DefaultPersistenceUnitManager:498 - Found explicit default unit with name 'base' in persistence.xml - overriding local default unit settings ('packagesToScan'/'mappingResources')
2016-05-21 00:19:41 INFO  LocalContainerEntityManagerFactoryBean:339 - Building JPA container EntityManagerFactory for persistence unit 'base'
2016-05-21 00:19:41 INFO  LogHelper:31 - HHH000204: Processing PersistenceUnitInfo [
	name: base
	...]
2016-05-21 00:19:42 INFO  Version:37 - HHH000412: Hibernate Core {5.1.0.Final}
2016-05-21 00:19:42 INFO  Environment:213 - HHH000206: hibernate.properties not found
2016-05-21 00:19:42 INFO  Environment:317 - HHH000021: Bytecode provider name : javassist
2016-05-21 00:19:42 INFO  Version:66 - HCANN000001: Hibernate Commons Annotations {5.0.1.Final}
2016-05-21 00:19:42 WARN  connections:71 - HHH10001002: Using Hibernate built-in connection pool (not for production use!)
2016-05-21 00:19:42 INFO  connections:127 - HHH10001005: using driver [com.mysql.jdbc.Driver] at URL [jdbc:mysql://localhost:3306/myDatabase]
2016-05-21 00:19:42 INFO  connections:136 - HHH10001001: Connection properties: {user=root}
2016-05-21 00:19:42 INFO  connections:141 - HHH10001003: Autocommit mode: false
2016-05-21 00:19:42 INFO  DriverManagerConnectionProviderImpl:39 - HHH000115: Hibernate connection pool size: 20 (min=1)
2016-05-21 00:19:42 INFO  Dialect:156 - HHH000400: Using dialect: org.hibernate.dialect.MySQL5Dialect
2016-05-21 00:19:42 INFO  LobCreatorBuilderImpl:98 - HHH000423: Disabling contextual LOB creation as JDBC driver reported JDBC version [3] less than 4
2016-05-21 00:19:43 INFO  Version:17 - HV000001: Hibernate Validator 5.2.2.Final
2016-05-21 00:19:44 INFO  DriverManagerDataSource:133 - Loaded JDBC driver: com.mysql.jdbc.Driver
2016-05-21 00:19:44 INFO  JdbcUserDetailsManager:115 - No authentication manager set. Reauthentication of users when changing passwords will not be performed.
2016-05-21 00:19:44 INFO  JdbcUserDetailsManager:115 - No authentication manager set. Reauthentication of users when changing passwords will not be performed.
2016-05-21 00:19:45 INFO  DefaultSecurityFilterChain:28 - Creating filter chain: org.springframework.security.web.util.matcher.AnyRequestMatcher@1, [org.springframework.security.web.context.SecurityContextPersistenceFilter@582fdb93, org.springframework.security.web.header.HeaderWriterFilter@2df8bd20, org.springframework.security.web.authentication.logout.LogoutFilter@25489774, org.springframework.security.web.authentication.UsernamePasswordAuthenticationFilter@40cf53cb, org.springframework.security.web.authentication.www.BasicAuthenticationFilter@6b8655aa, org.springframework.security.web.savedrequest.RequestCacheAwareFilter@4062430c, org.springframework.security.web.servletapi.SecurityContextHolderAwareRequestFilter@731fe9d9, org.springframework.security.web.authentication.rememberme.RememberMeAuthenticationFilter@3431e09b, org.springframework.security.web.authentication.AnonymousAuthenticationFilter@3690fae2, org.springframework.security.web.session.SessionManagementFilter@6847276a, org.springframework.security.web.access.ExceptionTranslationFilter@176cd5a2, org.springframework.security.web.access.intercept.FilterSecurityInterceptor@6a3d8ab1]
2016-05-21 00:19:45 INFO  DefaultFilterChainValidator:139 - Checking whether login URL '/logging' is accessible with your configuration
2016-05-21 00:19:45 INFO  ContextLoader:345 - Root WebApplicationContext: initialization completed in 4574 ms
2016-05-21 00:19:45 INFO  DispatcherServlet:488 - FrameworkServlet 'Dispatcher': initialization started
2016-05-21 00:19:45 INFO  XmlWebApplicationContext:578 - Refreshing WebApplicationContext for namespace 'Dispatcher-servlet': startup date [Sat May 21 00:19:45 GMT 2016]; parent: Root WebApplicationContext
2016-05-21 00:19:45 INFO  XmlBeanDefinitionReader:317 - Loading XML bean definitions from ServletContext resource [/WEB-INF/Dispatcher-context.xml]
2016-05-21 00:19:45 INFO  SecurityNamespaceHandler:78 - Spring Security 'config' module version is 4.0.3.RELEASE
2016-05-21 00:19:45 INFO  GlobalMethodSecurityBeanDefinitionParser:208 - Expressions were enabled for method security but no SecurityExpressionHandler was configured. All hasPermision() expressions will evaluate to false.
2016-05-21 00:19:45 INFO  XmlBeanDefinitionReader:317 - Loading XML bean definitions from ServletContext resource [/WEB-INF/databaseConnection.xml]
2016-05-21 00:19:45 INFO  AutowiredAnnotationBeanPostProcessor:153 - JSR-330 'javax.inject.Inject' annotation found and supported for autowiring
2016-05-21 00:19:45 INFO  DefaultPersistenceUnitManager:498 - Found explicit default unit with name 'base' in persistence.xml - overriding local default unit settings ('packagesToScan'/'mappingResources')
2016-05-21 00:19:45 INFO  LocalContainerEntityManagerFactoryBean:339 - Building JPA container EntityManagerFactory for persistence unit 'base'
2016-05-21 00:19:45 INFO  LogHelper:31 - HHH000204: Processing PersistenceUnitInfo [
	name: base
	...]
2016-05-21 00:19:45 WARN  connections:71 - HHH10001002: Using Hibernate built-in connection pool (not for production use!)
2016-05-21 00:19:45 INFO  connections:127 - HHH10001005: using driver [com.mysql.jdbc.Driver] at URL [jdbc:mysql://localhost:3306/myDatabase]
2016-05-21 00:19:45 INFO  connections:136 - HHH10001001: Connection properties: {user=root}
2016-05-21 00:19:45 INFO  connections:141 - HHH10001003: Autocommit mode: false
2016-05-21 00:19:45 INFO  DriverManagerConnectionProviderImpl:39 - HHH000115: Hibernate connection pool size: 20 (min=1)
2016-05-21 00:19:45 INFO  Dialect:156 - HHH000400: Using dialect: org.hibernate.dialect.MySQL5Dialect
2016-05-21 00:19:45 INFO  LobCreatorBuilderImpl:98 - HHH000423: Disabling contextual LOB creation as JDBC driver reported JDBC version [3] less than 4
2016-05-21 00:19:46 WARN  EntityManagerFactoryRegistry:63 - HHH000436: Entity manager factory name (base) is already registered.  If entity manager will be clustered or passivated, specify a unique value for property 'hibernate.ejb.entitymanager_factory_name'
2016-05-21 00:19:46 INFO  SimpleUrlHandlerMapping:341 - Mapped URL path [/resources/**] onto handler 'org.springframework.web.servlet.resource.ResourceHttpRequestHandler#0'
2016-05-21 00:19:46 INFO  RequestMappingHandlerMapping:534 - Mapped "{[/admin/allUsers],methods=[GET]}" onto public java.lang.String com.bakos.Controllers.AdminController.allUsers(org.springframework.ui.Model)
2016-05-21 00:19:46 INFO  RequestMappingHandlerMapping:534 - Mapped "{[/admin/delete/{id}],methods=[GET]}" onto public java.lang.String com.bakos.Controllers.AdminController.deleteUser(int,org.springframework.ui.Model)
2016-05-21 00:19:46 INFO  RequestMappingHandlerMapping:534 - Mapped "{[/admin/changeRole/{isTrue}],methods=[GET]}" onto public java.lang.String com.bakos.Controllers.AdminController.checkedTypes(boolean,org.springframework.ui.Model)
2016-05-21 00:19:46 INFO  RequestMappingHandlerMapping:534 - Mapped "{[/admin/settings],methods=[GET]}" onto public java.lang.String com.bakos.Controllers.AdminController.adminSettings(org.springframework.ui.Model)
2016-05-21 00:19:46 INFO  RequestMappingHandlerMapping:534 - Mapped "{[/admin/articles],methods=[GET]}" onto public java.lang.String com.bakos.Controllers.AdminController.articles(org.springframework.ui.Model)
2016-05-21 00:19:46 INFO  RequestMappingHandlerMapping:534 - Mapped "{[/admin/allArticles],methods=[GET],produces=[text/xml || application/json]}" onto public java.util.List<com.bakos.UserDTO.Articles> com.bakos.Controllers.AdminController.articlesAll(org.springframework.ui.Model)
2016-05-21 00:19:46 INFO  RequestMappingHandlerMapping:534 - Mapped "{[/admin/settings],methods=[POST]}" onto public java.lang.String com.bakos.Controllers.AdminController.adminSettingsPost(com.bakos.UserDTO.Articles)
2016-05-21 00:19:46 INFO  RequestMappingHandlerMapping:534 - Mapped "{[/admin/articles/remove/{id}],methods=[PUT]}" onto public void com.bakos.Controllers.AdminController.removeItem(int)
2016-05-21 00:19:46 INFO  RequestMappingHandlerMapping:534 - Mapped "{[/],methods=[GET]}" onto public java.lang.String com.bakos.Controllers.MainController.main(org.springframework.ui.Model)
2016-05-21 00:19:46 INFO  RequestMappingHandlerMapping:534 - Mapped "{[/register],methods=[POST]}" onto public java.lang.String com.bakos.Controllers.MainController.registerForm(com.bakos.UserDTO.Users,org.springframework.validation.BindingResult,org.springframework.ui.Model)
2016-05-21 00:19:46 INFO  RequestMappingHandlerMapping:534 - Mapped "{[/logging]}" onto public java.lang.String com.bakos.Controllers.MainController.LoggingBefore(org.springframework.ui.Model)
2016-05-21 00:19:46 INFO  RequestMappingHandlerMapping:534 - Mapped "{[/getRecipeById/{id}],methods=[GET]}" onto public java.lang.String com.bakos.Controllers.MainController.getRecipeById(int,org.springframework.ui.Model)
2016-05-21 00:19:46 INFO  RequestMappingHandlerMapping:534 - Mapped "{[/register],methods=[GET]}" onto public java.lang.String com.bakos.Controllers.MainController.registerFormInit(org.springframework.ui.Model)
2016-05-21 00:19:46 INFO  RequestMappingHandlerMapping:534 - Mapped "{[/aaaa],methods=[GET],produces=[text/xml || application/json]}" onto public java.util.List<com.bakos.UserDTO.CulinaryRecipes> com.bakos.Controllers.MainController.getCulinaryRecipesToHtml()
2016-05-21 00:19:46 INFO  RequestMappingHandlerMapping:534 - Mapped "{[/user/recipes/{id}],methods=[GET],produces=[text/xml || application/json]}" onto public com.bakos.UserDTO.CulinaryRecipes com.bakos.Controllers.RecipeController.read(int)
2016-05-21 00:19:46 INFO  RequestMappingHandlerMapping:534 - Mapped "{[/user/recipes/{id}],methods=[POST]}" onto public void com.bakos.Controllers.RecipeController.update(com.bakos.UserDTO.CulinaryRecipes,org.springframework.validation.BindingResult,int)
2016-05-21 00:19:46 INFO  RequestMappingHandlerMapping:534 - Mapped "{[/user/recipes/articles],methods=[GET]}" onto public java.lang.String com.bakos.Controllers.RecipeController.articles(org.springframework.ui.Model)
2016-05-21 00:19:46 INFO  RequestMappingHandlerMapping:534 - Mapped "{[/user/recipes],methods=[GET],produces=[text/xml || application/json]}" onto public java.util.List<com.bakos.UserDTO.CulinaryRecipes> com.bakos.Controllers.RecipeController.updateAll()
2016-05-21 00:19:46 INFO  RequestMappingHandlerMapping:534 - Mapped "{[/user/recipes/statistics],methods=[GET]}" onto public java.lang.String com.bakos.Controllers.RecipeController.statiscic(org.springframework.ui.Model)
2016-05-21 00:19:46 INFO  RequestMappingHandlerMapping:534 - Mapped "{[/user/recipes/uploadPost],methods=[POST]}" onto public java.lang.String com.bakos.Controllers.RecipeController.onSubmit(javax.servlet.http.HttpServletRequest) throws java.lang.IllegalStateException,java.io.IOException
2016-05-21 00:19:46 INFO  RequestMappingHandlerMapping:534 - Mapped "{[/user/recipes/upload],methods=[GET]}" onto public java.lang.String com.bakos.Controllers.RecipeController.upload(org.springframework.ui.Model)
2016-05-21 00:19:46 INFO  RequestMappingHandlerMapping:534 - Mapped "{[/user/recipes/show/{id}],methods=[GET]}" onto public java.lang.String com.bakos.Controllers.RecipeController.show(int,org.springframework.ui.Model)
2016-05-21 00:19:46 INFO  RequestMappingHandlerMapping:534 - Mapped "{[/user/recipes/remove/{id}],methods=[PUT]}" onto public void com.bakos.Controllers.RecipeController.removeItem(int)
2016-05-21 00:19:46 INFO  RequestMappingHandlerMapping:534 - Mapped "{[/user/checkedTypes],methods=[POST]}" onto public java.lang.String com.bakos.Controllers.UserController.checkedTypes(com.bakos.UserDTO.FilterPattern,org.springframework.ui.Model)
2016-05-21 00:19:46 INFO  RequestMappingHandlerMapping:534 - Mapped "{[/user/sendMessage],methods=[POST]}" onto public java.lang.String com.bakos.Controllers.UserController.sendMessage(com.bakos.UserDTO.Messages,java.security.Principal,org.springframework.ui.Model)
2016-05-21 00:19:46 INFO  RequestMappingHandlerMapping:534 - Mapped "{[/user/addRecipe],methods=[GET]}" onto public java.lang.String com.bakos.Controllers.UserController.addRecipeBefore(org.springframework.ui.Model)
2016-05-21 00:19:46 INFO  RequestMappingHandlerMapping:534 - Mapped "{[/user/addRecipe],methods=[POST]}" onto public java.lang.String com.bakos.Controllers.UserController.addRecipeAfter(com.bakos.UserDTO.CulinaryRecipes,org.springframework.validation.BindingResult,javax.servlet.http.HttpServletRequest,org.springframework.ui.Model)
2016-05-21 00:19:46 INFO  RequestMappingHandlerMapping:534 - Mapped "{[/user/myCulinaryRecipe],methods=[GET]}" onto public java.lang.String com.bakos.Controllers.UserController.myCulinaryRecipe(org.springframework.ui.Model)
2016-05-21 00:19:46 INFO  RequestMappingHandlerMapping:534 - Mapped "{[/user/settings],methods=[GET]}" onto public java.lang.String com.bakos.Controllers.UserController.settings(org.springframework.ui.Model)
2016-05-21 00:19:46 INFO  RequestMappingHandlerMapping:534 - Mapped "{[/user/home],methods=[GET]}" onto public java.lang.String com.bakos.Controllers.UserController.home(org.springframework.ui.Model)
2016-05-21 00:19:47 INFO  RequestMappingHandlerAdapter:532 - Looking for @ControllerAdvice: WebApplicationContext for namespace 'Dispatcher-servlet': startup date [Sat May 21 00:19:45 GMT 2016]; parent: Root WebApplicationContext
2016-05-21 00:19:47 INFO  RequestMappingHandlerAdapter:532 - Looking for @ControllerAdvice: WebApplicationContext for namespace 'Dispatcher-servlet': startup date [Sat May 21 00:19:45 GMT 2016]; parent: Root WebApplicationContext
2016-05-21 00:19:47 INFO  TilesAccess:93 - Publishing TilesContext for context: org.springframework.web.servlet.view.tiles3.SpringWildcardServletTilesApplicationContext
2016-05-21 00:19:47 INFO  DispatcherServlet:507 - FrameworkServlet 'Dispatcher': initialization completed in 2438 ms
2016-05-21 00:21:43 INFO  ContextLoader:305 - Root WebApplicationContext: initialization started
2016-05-21 00:21:43 INFO  XmlWebApplicationContext:578 - Refreshing Root WebApplicationContext: startup date [Sat May 21 00:21:43 GMT 2016]; root of context hierarchy
2016-05-21 00:21:43 INFO  XmlBeanDefinitionReader:317 - Loading XML bean definitions from ServletContext resource [/WEB-INF/databaseConnection.xml]
2016-05-21 00:21:44 INFO  XmlBeanDefinitionReader:317 - Loading XML bean definitions from ServletContext resource [/WEB-INF/spring-security.xml]
2016-05-21 00:21:44 INFO  SpringSecurityCoreVersion:59 - You are running with Spring Security Core 4.0.3.RELEASE
2016-05-21 00:21:44 INFO  SecurityNamespaceHandler:78 - Spring Security 'config' module version is 4.0.3.RELEASE
2016-05-21 00:21:44 INFO  FilterInvocationSecurityMetadataSourceParser:158 - Creating access control expression attribute 'hasRole('ROLE_USER') or hasRole('ROLE_ADMIN')' for /user**
2016-05-21 00:21:44 INFO  FilterInvocationSecurityMetadataSourceParser:158 - Creating access control expression attribute 'hasRole('ROLE_USER') or hasRole('ROLE_ADMIN')' for /user/**
2016-05-21 00:21:44 INFO  FilterInvocationSecurityMetadataSourceParser:158 - Creating access control expression attribute 'hasRole('ROLE_ADMIN') or hasRole('ROLE_SHADOW')' for /admin**
2016-05-21 00:21:44 INFO  FilterInvocationSecurityMetadataSourceParser:158 - Creating access control expression attribute 'hasRole('ROLE_ADMIN') or hasRole('ROLE_SHADOW')' for /admin/**
2016-05-21 00:21:44 INFO  HttpSecurityBeanDefinitionParser:306 - Checking sorted filter chain: [Root bean: class [org.springframework.security.web.context.SecurityContextPersistenceFilter]; scope=; abstract=false; lazyInit=false; autowireMode=0; dependencyCheck=0; autowireCandidate=true; primary=false; factoryBeanName=null; factoryMethodName=null; initMethodName=null; destroyMethodName=null, order = 200, Root bean: class [org.springframework.security.web.header.HeaderWriterFilter]; scope=; abstract=false; lazyInit=false; autowireMode=0; dependencyCheck=0; autowireCandidate=true; primary=false; factoryBeanName=null; factoryMethodName=null; initMethodName=null; destroyMethodName=null, order = 500, Root bean: class [org.springframework.security.web.authentication.logout.LogoutFilter]; scope=; abstract=false; lazyInit=false; autowireMode=0; dependencyCheck=0; autowireCandidate=true; primary=false; factoryBeanName=null; factoryMethodName=null; initMethodName=null; destroyMethodName=null, order = 700, <org.springframework.security.web.authentication.UsernamePasswordAuthenticationFilter#0>, order = 1100, Root bean: class [org.springframework.security.web.authentication.www.BasicAuthenticationFilter]; scope=; abstract=false; lazyInit=false; autowireMode=0; dependencyCheck=0; autowireCandidate=true; primary=false; factoryBeanName=null; factoryMethodName=null; initMethodName=null; destroyMethodName=null, order = 1500, Root bean: class [org.springframework.security.web.savedrequest.RequestCacheAwareFilter]; scope=; abstract=false; lazyInit=false; autowireMode=0; dependencyCheck=0; autowireCandidate=true; primary=false; factoryBeanName=null; factoryMethodName=null; initMethodName=null; destroyMethodName=null, order = 1600, Root bean: class [org.springframework.security.web.servletapi.SecurityContextHolderAwareRequestFilter]; scope=; abstract=false; lazyInit=false; autowireMode=0; dependencyCheck=0; autowireCandidate=true; primary=false; factoryBeanName=null; factoryMethodName=null; initMethodName=null; destroyMethodName=null, order = 1700, Root bean: class [org.springframework.security.web.authentication.rememberme.RememberMeAuthenticationFilter]; scope=; abstract=false; lazyInit=false; autowireMode=0; dependencyCheck=0; autowireCandidate=true; primary=false; factoryBeanName=null; factoryMethodName=null; initMethodName=null; destroyMethodName=null, order = 1900, Root bean: class [org.springframework.security.web.authentication.AnonymousAuthenticationFilter]; scope=; abstract=false; lazyInit=false; autowireMode=0; dependencyCheck=0; autowireCandidate=true; primary=false; factoryBeanName=null; factoryMethodName=null; initMethodName=null; destroyMethodName=null, order = 2000, Root bean: class [org.springframework.security.web.session.SessionManagementFilter]; scope=; abstract=false; lazyInit=false; autowireMode=0; dependencyCheck=0; autowireCandidate=true; primary=false; factoryBeanName=null; factoryMethodName=null; initMethodName=null; destroyMethodName=null, order = 2100, Root bean: class [org.springframework.security.web.access.ExceptionTranslationFilter]; scope=; abstract=false; lazyInit=false; autowireMode=0; dependencyCheck=0; autowireCandidate=true; primary=false; factoryBeanName=null; factoryMethodName=null; initMethodName=null; destroyMethodName=null, order = 2200, <org.springframework.security.web.access.intercept.FilterSecurityInterceptor#0>, order = 2300]
2016-05-21 00:21:44 INFO  AutowiredAnnotationBeanPostProcessor:153 - JSR-330 'javax.inject.Inject' annotation found and supported for autowiring
2016-05-21 00:21:44 INFO  DefaultPersistenceUnitManager:498 - Found explicit default unit with name 'base' in persistence.xml - overriding local default unit settings ('packagesToScan'/'mappingResources')
2016-05-21 00:21:44 INFO  LocalContainerEntityManagerFactoryBean:339 - Building JPA container EntityManagerFactory for persistence unit 'base'
2016-05-21 00:21:44 INFO  LogHelper:31 - HHH000204: Processing PersistenceUnitInfo [
	name: base
	...]
2016-05-21 00:21:45 INFO  Version:37 - HHH000412: Hibernate Core {5.1.0.Final}
2016-05-21 00:21:45 INFO  Environment:213 - HHH000206: hibernate.properties not found
2016-05-21 00:21:45 INFO  Environment:317 - HHH000021: Bytecode provider name : javassist
2016-05-21 00:21:45 INFO  Version:66 - HCANN000001: Hibernate Commons Annotations {5.0.1.Final}
2016-05-21 00:21:45 WARN  connections:71 - HHH10001002: Using Hibernate built-in connection pool (not for production use!)
2016-05-21 00:21:45 INFO  connections:127 - HHH10001005: using driver [com.mysql.jdbc.Driver] at URL [jdbc:mysql://localhost:3306/myDatabase]
2016-05-21 00:21:45 INFO  connections:136 - HHH10001001: Connection properties: {user=root}
2016-05-21 00:21:45 INFO  connections:141 - HHH10001003: Autocommit mode: false
2016-05-21 00:21:45 INFO  DriverManagerConnectionProviderImpl:39 - HHH000115: Hibernate connection pool size: 20 (min=1)
2016-05-21 00:21:45 INFO  Dialect:156 - HHH000400: Using dialect: org.hibernate.dialect.MySQL5Dialect
2016-05-21 00:21:45 INFO  LobCreatorBuilderImpl:98 - HHH000423: Disabling contextual LOB creation as JDBC driver reported JDBC version [3] less than 4
2016-05-21 00:21:46 INFO  Version:17 - HV000001: Hibernate Validator 5.2.2.Final
2016-05-21 00:21:47 INFO  DriverManagerDataSource:133 - Loaded JDBC driver: com.mysql.jdbc.Driver
2016-05-21 00:21:47 INFO  JdbcUserDetailsManager:115 - No authentication manager set. Reauthentication of users when changing passwords will not be performed.
2016-05-21 00:21:47 INFO  JdbcUserDetailsManager:115 - No authentication manager set. Reauthentication of users when changing passwords will not be performed.
2016-05-21 00:21:47 INFO  DefaultSecurityFilterChain:28 - Creating filter chain: org.springframework.security.web.util.matcher.AnyRequestMatcher@1, [org.springframework.security.web.context.SecurityContextPersistenceFilter@554437a2, org.springframework.security.web.header.HeaderWriterFilter@71a09869, org.springframework.security.web.authentication.logout.LogoutFilter@66764fc6, org.springframework.security.web.authentication.UsernamePasswordAuthenticationFilter@616f84b7, org.springframework.security.web.authentication.www.BasicAuthenticationFilter@60723c5a, org.springframework.security.web.savedrequest.RequestCacheAwareFilter@6bd86a2d, org.springframework.security.web.servletapi.SecurityContextHolderAwareRequestFilter@4d22e7ab, org.springframework.security.web.authentication.rememberme.RememberMeAuthenticationFilter@2e97b31d, org.springframework.security.web.authentication.AnonymousAuthenticationFilter@69704cd0, org.springframework.security.web.session.SessionManagementFilter@4bc321c4, org.springframework.security.web.access.ExceptionTranslationFilter@77ddf1b7, org.springframework.security.web.access.intercept.FilterSecurityInterceptor@c2862dc]
2016-05-21 00:21:47 INFO  DefaultFilterChainValidator:139 - Checking whether login URL '/logging' is accessible with your configuration
2016-05-21 00:21:47 INFO  ContextLoader:345 - Root WebApplicationContext: initialization completed in 4371 ms
2016-05-21 00:21:47 INFO  DispatcherServlet:488 - FrameworkServlet 'Dispatcher': initialization started
2016-05-21 00:21:48 INFO  XmlWebApplicationContext:578 - Refreshing WebApplicationContext for namespace 'Dispatcher-servlet': startup date [Sat May 21 00:21:48 GMT 2016]; parent: Root WebApplicationContext
2016-05-21 00:21:48 INFO  XmlBeanDefinitionReader:317 - Loading XML bean definitions from ServletContext resource [/WEB-INF/Dispatcher-context.xml]
2016-05-21 00:21:48 INFO  SecurityNamespaceHandler:78 - Spring Security 'config' module version is 4.0.3.RELEASE
2016-05-21 00:21:48 INFO  GlobalMethodSecurityBeanDefinitionParser:208 - Expressions were enabled for method security but no SecurityExpressionHandler was configured. All hasPermision() expressions will evaluate to false.
2016-05-21 00:21:48 INFO  XmlBeanDefinitionReader:317 - Loading XML bean definitions from ServletContext resource [/WEB-INF/databaseConnection.xml]
2016-05-21 00:21:48 INFO  AutowiredAnnotationBeanPostProcessor:153 - JSR-330 'javax.inject.Inject' annotation found and supported for autowiring
2016-05-21 00:21:48 INFO  DefaultPersistenceUnitManager:498 - Found explicit default unit with name 'base' in persistence.xml - overriding local default unit settings ('packagesToScan'/'mappingResources')
2016-05-21 00:21:48 INFO  LocalContainerEntityManagerFactoryBean:339 - Building JPA container EntityManagerFactory for persistence unit 'base'
2016-05-21 00:21:48 INFO  LogHelper:31 - HHH000204: Processing PersistenceUnitInfo [
	name: base
	...]
2016-05-21 00:21:48 WARN  connections:71 - HHH10001002: Using Hibernate built-in connection pool (not for production use!)
2016-05-21 00:21:48 INFO  connections:127 - HHH10001005: using driver [com.mysql.jdbc.Driver] at URL [jdbc:mysql://localhost:3306/myDatabase]
2016-05-21 00:21:48 INFO  connections:136 - HHH10001001: Connection properties: {user=root}
2016-05-21 00:21:48 INFO  connections:141 - HHH10001003: Autocommit mode: false
2016-05-21 00:21:48 INFO  DriverManagerConnectionProviderImpl:39 - HHH000115: Hibernate connection pool size: 20 (min=1)
2016-05-21 00:21:48 INFO  Dialect:156 - HHH000400: Using dialect: org.hibernate.dialect.MySQL5Dialect
2016-05-21 00:21:48 INFO  LobCreatorBuilderImpl:98 - HHH000423: Disabling contextual LOB creation as JDBC driver reported JDBC version [3] less than 4
2016-05-21 00:21:48 WARN  EntityManagerFactoryRegistry:63 - HHH000436: Entity manager factory name (base) is already registered.  If entity manager will be clustered or passivated, specify a unique value for property 'hibernate.ejb.entitymanager_factory_name'
2016-05-21 00:21:49 INFO  SimpleUrlHandlerMapping:341 - Mapped URL path [/resources/**] onto handler 'org.springframework.web.servlet.resource.ResourceHttpRequestHandler#0'
2016-05-21 00:21:49 INFO  RequestMappingHandlerMapping:534 - Mapped "{[/admin/settings],methods=[POST]}" onto public java.lang.String com.bakos.Controllers.AdminController.adminSettingsPost(com.bakos.UserDTO.Articles)
2016-05-21 00:21:49 INFO  RequestMappingHandlerMapping:534 - Mapped "{[/admin/articles/remove/{id}],methods=[PUT]}" onto public void com.bakos.Controllers.AdminController.removeItem(int)
2016-05-21 00:21:49 INFO  RequestMappingHandlerMapping:534 - Mapped "{[/admin/allUsers],methods=[GET]}" onto public java.lang.String com.bakos.Controllers.AdminController.allUsers(org.springframework.ui.Model)
2016-05-21 00:21:49 INFO  RequestMappingHandlerMapping:534 - Mapped "{[/admin/delete/{id}],methods=[GET]}" onto public java.lang.String com.bakos.Controllers.AdminController.deleteUser(int,org.springframework.ui.Model)
2016-05-21 00:21:49 INFO  RequestMappingHandlerMapping:534 - Mapped "{[/admin/changeRole/{isTrue}],methods=[GET]}" onto public java.lang.String com.bakos.Controllers.AdminController.checkedTypes(boolean,org.springframework.ui.Model)
2016-05-21 00:21:49 INFO  RequestMappingHandlerMapping:534 - Mapped "{[/admin/settings],methods=[GET]}" onto public java.lang.String com.bakos.Controllers.AdminController.adminSettings(org.springframework.ui.Model)
2016-05-21 00:21:49 INFO  RequestMappingHandlerMapping:534 - Mapped "{[/admin/articles],methods=[GET]}" onto public java.lang.String com.bakos.Controllers.AdminController.articles(org.springframework.ui.Model)
2016-05-21 00:21:49 INFO  RequestMappingHandlerMapping:534 - Mapped "{[/admin/allArticles],methods=[GET],produces=[text/xml || application/json]}" onto public java.util.List<com.bakos.UserDTO.Articles> com.bakos.Controllers.AdminController.articlesAll(org.springframework.ui.Model)
2016-05-21 00:21:49 INFO  RequestMappingHandlerMapping:534 - Mapped "{[/],methods=[GET]}" onto public java.lang.String com.bakos.Controllers.MainController.main(org.springframework.ui.Model)
2016-05-21 00:21:49 INFO  RequestMappingHandlerMapping:534 - Mapped "{[/register],methods=[GET]}" onto public java.lang.String com.bakos.Controllers.MainController.registerFormInit(org.springframework.ui.Model)
2016-05-21 00:21:49 INFO  RequestMappingHandlerMapping:534 - Mapped "{[/aaaa],methods=[GET],produces=[text/xml || application/json]}" onto public java.util.List<com.bakos.UserDTO.CulinaryRecipes> com.bakos.Controllers.MainController.getCulinaryRecipesToHtml()
2016-05-21 00:21:49 INFO  RequestMappingHandlerMapping:534 - Mapped "{[/register],methods=[POST]}" onto public java.lang.String com.bakos.Controllers.MainController.registerForm(com.bakos.UserDTO.Users,org.springframework.validation.BindingResult,org.springframework.ui.Model)
2016-05-21 00:21:49 INFO  RequestMappingHandlerMapping:534 - Mapped "{[/logging]}" onto public java.lang.String com.bakos.Controllers.MainController.LoggingBefore(org.springframework.ui.Model)
2016-05-21 00:21:49 INFO  RequestMappingHandlerMapping:534 - Mapped "{[/getRecipeById/{id}],methods=[GET]}" onto public java.lang.String com.bakos.Controllers.MainController.getRecipeById(int,org.springframework.ui.Model)
2016-05-21 00:21:49 INFO  RequestMappingHandlerMapping:534 - Mapped "{[/user/recipes/{id}],methods=[GET],produces=[text/xml || application/json]}" onto public com.bakos.UserDTO.CulinaryRecipes com.bakos.Controllers.RecipeController.read(int)
2016-05-21 00:21:49 INFO  RequestMappingHandlerMapping:534 - Mapped "{[/user/recipes/{id}],methods=[POST]}" onto public void com.bakos.Controllers.RecipeController.update(com.bakos.UserDTO.CulinaryRecipes,org.springframework.validation.BindingResult,int)
2016-05-21 00:21:49 INFO  RequestMappingHandlerMapping:534 - Mapped "{[/user/recipes/upload],methods=[GET]}" onto public java.lang.String com.bakos.Controllers.RecipeController.upload(org.springframework.ui.Model)
2016-05-21 00:21:49 INFO  RequestMappingHandlerMapping:534 - Mapped "{[/user/recipes/show/{id}],methods=[GET]}" onto public java.lang.String com.bakos.Controllers.RecipeController.show(int,org.springframework.ui.Model)
2016-05-21 00:21:49 INFO  RequestMappingHandlerMapping:534 - Mapped "{[/user/recipes/remove/{id}],methods=[PUT]}" onto public void com.bakos.Controllers.RecipeController.removeItem(int)
2016-05-21 00:21:49 INFO  RequestMappingHandlerMapping:534 - Mapped "{[/user/recipes/articles],methods=[GET]}" onto public java.lang.String com.bakos.Controllers.RecipeController.articles(org.springframework.ui.Model)
2016-05-21 00:21:49 INFO  RequestMappingHandlerMapping:534 - Mapped "{[/user/recipes],methods=[GET],produces=[text/xml || application/json]}" onto public java.util.List<com.bakos.UserDTO.CulinaryRecipes> com.bakos.Controllers.RecipeController.updateAll()
2016-05-21 00:21:49 INFO  RequestMappingHandlerMapping:534 - Mapped "{[/user/recipes/statistics],methods=[GET]}" onto public java.lang.String com.bakos.Controllers.RecipeController.statiscic(org.springframework.ui.Model)
2016-05-21 00:21:49 INFO  RequestMappingHandlerMapping:534 - Mapped "{[/user/recipes/uploadPost],methods=[POST]}" onto public java.lang.String com.bakos.Controllers.RecipeController.onSubmit(javax.servlet.http.HttpServletRequest) throws java.lang.IllegalStateException,java.io.IOException
2016-05-21 00:21:49 INFO  RequestMappingHandlerMapping:534 - Mapped "{[/user/settings],methods=[GET]}" onto public java.lang.String com.bakos.Controllers.UserController.settings(org.springframework.ui.Model)
2016-05-21 00:21:49 INFO  RequestMappingHandlerMapping:534 - Mapped "{[/user/home],methods=[GET]}" onto public java.lang.String com.bakos.Controllers.UserController.home(org.springframework.ui.Model)
2016-05-21 00:21:49 INFO  RequestMappingHandlerMapping:534 - Mapped "{[/user/addRecipe],methods=[GET]}" onto public java.lang.String com.bakos.Controllers.UserController.addRecipeBefore(org.springframework.ui.Model)
2016-05-21 00:21:49 INFO  RequestMappingHandlerMapping:534 - Mapped "{[/user/addRecipe],methods=[POST]}" onto public java.lang.String com.bakos.Controllers.UserController.addRecipeAfter(com.bakos.UserDTO.CulinaryRecipes,org.springframework.validation.BindingResult,javax.servlet.http.HttpServletRequest,org.springframework.ui.Model)
2016-05-21 00:21:49 INFO  RequestMappingHandlerMapping:534 - Mapped "{[/user/myCulinaryRecipe],methods=[GET]}" onto public java.lang.String com.bakos.Controllers.UserController.myCulinaryRecipe(org.springframework.ui.Model)
2016-05-21 00:21:49 INFO  RequestMappingHandlerMapping:534 - Mapped "{[/user/checkedTypes],methods=[POST]}" onto public java.lang.String com.bakos.Controllers.UserController.checkedTypes(com.bakos.UserDTO.FilterPattern,org.springframework.ui.Model)
2016-05-21 00:21:49 INFO  RequestMappingHandlerMapping:534 - Mapped "{[/user/sendMessage],methods=[POST]}" onto public java.lang.String com.bakos.Controllers.UserController.sendMessage(com.bakos.UserDTO.Messages,java.security.Principal,org.springframework.ui.Model)
2016-05-21 00:21:49 INFO  RequestMappingHandlerAdapter:532 - Looking for @ControllerAdvice: WebApplicationContext for namespace 'Dispatcher-servlet': startup date [Sat May 21 00:21:48 GMT 2016]; parent: Root WebApplicationContext
2016-05-21 00:21:50 INFO  RequestMappingHandlerAdapter:532 - Looking for @ControllerAdvice: WebApplicationContext for namespace 'Dispatcher-servlet': startup date [Sat May 21 00:21:48 GMT 2016]; parent: Root WebApplicationContext
2016-05-21 00:21:50 INFO  TilesAccess:93 - Publishing TilesContext for context: org.springframework.web.servlet.view.tiles3.SpringWildcardServletTilesApplicationContext
2016-05-21 00:21:50 INFO  DispatcherServlet:507 - FrameworkServlet 'Dispatcher': initialization completed in 2363 ms
2016-05-21 00:31:14 INFO  ContextLoader:305 - Root WebApplicationContext: initialization started
2016-05-21 00:31:14 INFO  XmlWebApplicationContext:578 - Refreshing Root WebApplicationContext: startup date [Sat May 21 00:31:14 GMT 2016]; root of context hierarchy
2016-05-21 00:31:15 INFO  XmlBeanDefinitionReader:317 - Loading XML bean definitions from ServletContext resource [/WEB-INF/databaseConnection.xml]
2016-05-21 00:31:15 INFO  XmlBeanDefinitionReader:317 - Loading XML bean definitions from ServletContext resource [/WEB-INF/spring-security.xml]
2016-05-21 00:31:15 INFO  SpringSecurityCoreVersion:59 - You are running with Spring Security Core 4.0.3.RELEASE
2016-05-21 00:31:15 INFO  SecurityNamespaceHandler:78 - Spring Security 'config' module version is 4.0.3.RELEASE
2016-05-21 00:31:15 INFO  FilterInvocationSecurityMetadataSourceParser:158 - Creating access control expression attribute 'hasRole('ROLE_USER') or hasRole('ROLE_ADMIN')' for /user**
2016-05-21 00:31:15 INFO  FilterInvocationSecurityMetadataSourceParser:158 - Creating access control expression attribute 'hasRole('ROLE_USER') or hasRole('ROLE_ADMIN')' for /user/**
2016-05-21 00:31:15 INFO  FilterInvocationSecurityMetadataSourceParser:158 - Creating access control expression attribute 'hasRole('ROLE_ADMIN') or hasRole('ROLE_SHADOW')' for /admin**
2016-05-21 00:31:15 INFO  FilterInvocationSecurityMetadataSourceParser:158 - Creating access control expression attribute 'hasRole('ROLE_ADMIN') or hasRole('ROLE_SHADOW')' for /admin/**
2016-05-21 00:31:15 INFO  HttpSecurityBeanDefinitionParser:306 - Checking sorted filter chain: [Root bean: class [org.springframework.security.web.context.SecurityContextPersistenceFilter]; scope=; abstract=false; lazyInit=false; autowireMode=0; dependencyCheck=0; autowireCandidate=true; primary=false; factoryBeanName=null; factoryMethodName=null; initMethodName=null; destroyMethodName=null, order = 200, Root bean: class [org.springframework.security.web.header.HeaderWriterFilter]; scope=; abstract=false; lazyInit=false; autowireMode=0; dependencyCheck=0; autowireCandidate=true; primary=false; factoryBeanName=null; factoryMethodName=null; initMethodName=null; destroyMethodName=null, order = 500, Root bean: class [org.springframework.security.web.authentication.logout.LogoutFilter]; scope=; abstract=false; lazyInit=false; autowireMode=0; dependencyCheck=0; autowireCandidate=true; primary=false; factoryBeanName=null; factoryMethodName=null; initMethodName=null; destroyMethodName=null, order = 700, <org.springframework.security.web.authentication.UsernamePasswordAuthenticationFilter#0>, order = 1100, Root bean: class [org.springframework.security.web.authentication.www.BasicAuthenticationFilter]; scope=; abstract=false; lazyInit=false; autowireMode=0; dependencyCheck=0; autowireCandidate=true; primary=false; factoryBeanName=null; factoryMethodName=null; initMethodName=null; destroyMethodName=null, order = 1500, Root bean: class [org.springframework.security.web.savedrequest.RequestCacheAwareFilter]; scope=; abstract=false; lazyInit=false; autowireMode=0; dependencyCheck=0; autowireCandidate=true; primary=false; factoryBeanName=null; factoryMethodName=null; initMethodName=null; destroyMethodName=null, order = 1600, Root bean: class [org.springframework.security.web.servletapi.SecurityContextHolderAwareRequestFilter]; scope=; abstract=false; lazyInit=false; autowireMode=0; dependencyCheck=0; autowireCandidate=true; primary=false; factoryBeanName=null; factoryMethodName=null; initMethodName=null; destroyMethodName=null, order = 1700, Root bean: class [org.springframework.security.web.authentication.rememberme.RememberMeAuthenticationFilter]; scope=; abstract=false; lazyInit=false; autowireMode=0; dependencyCheck=0; autowireCandidate=true; primary=false; factoryBeanName=null; factoryMethodName=null; initMethodName=null; destroyMethodName=null, order = 1900, Root bean: class [org.springframework.security.web.authentication.AnonymousAuthenticationFilter]; scope=; abstract=false; lazyInit=false; autowireMode=0; dependencyCheck=0; autowireCandidate=true; primary=false; factoryBeanName=null; factoryMethodName=null; initMethodName=null; destroyMethodName=null, order = 2000, Root bean: class [org.springframework.security.web.session.SessionManagementFilter]; scope=; abstract=false; lazyInit=false; autowireMode=0; dependencyCheck=0; autowireCandidate=true; primary=false; factoryBeanName=null; factoryMethodName=null; initMethodName=null; destroyMethodName=null, order = 2100, Root bean: class [org.springframework.security.web.access.ExceptionTranslationFilter]; scope=; abstract=false; lazyInit=false; autowireMode=0; dependencyCheck=0; autowireCandidate=true; primary=false; factoryBeanName=null; factoryMethodName=null; initMethodName=null; destroyMethodName=null, order = 2200, <org.springframework.security.web.access.intercept.FilterSecurityInterceptor#0>, order = 2300]
2016-05-21 00:31:15 INFO  AutowiredAnnotationBeanPostProcessor:153 - JSR-330 'javax.inject.Inject' annotation found and supported for autowiring
2016-05-21 00:31:16 INFO  DefaultPersistenceUnitManager:498 - Found explicit default unit with name 'base' in persistence.xml - overriding local default unit settings ('packagesToScan'/'mappingResources')
2016-05-21 00:31:16 INFO  LocalContainerEntityManagerFactoryBean:339 - Building JPA container EntityManagerFactory for persistence unit 'base'
2016-05-21 00:31:16 INFO  LogHelper:31 - HHH000204: Processing PersistenceUnitInfo [
	name: base
	...]
2016-05-21 00:31:16 INFO  Version:37 - HHH000412: Hibernate Core {5.1.0.Final}
2016-05-21 00:31:16 INFO  Environment:213 - HHH000206: hibernate.properties not found
2016-05-21 00:31:16 INFO  Environment:317 - HHH000021: Bytecode provider name : javassist
2016-05-21 00:31:16 INFO  Version:66 - HCANN000001: Hibernate Commons Annotations {5.0.1.Final}
2016-05-21 00:31:16 WARN  connections:71 - HHH10001002: Using Hibernate built-in connection pool (not for production use!)
2016-05-21 00:31:16 INFO  connections:127 - HHH10001005: using driver [com.mysql.jdbc.Driver] at URL [jdbc:mysql://localhost:3306/myDatabase]
2016-05-21 00:31:16 INFO  connections:136 - HHH10001001: Connection properties: {user=root}
2016-05-21 00:31:16 INFO  connections:141 - HHH10001003: Autocommit mode: false
2016-05-21 00:31:16 INFO  DriverManagerConnectionProviderImpl:39 - HHH000115: Hibernate connection pool size: 20 (min=1)
2016-05-21 00:31:16 INFO  Dialect:156 - HHH000400: Using dialect: org.hibernate.dialect.MySQL5Dialect
2016-05-21 00:31:16 INFO  LobCreatorBuilderImpl:98 - HHH000423: Disabling contextual LOB creation as JDBC driver reported JDBC version [3] less than 4
2016-05-21 00:31:17 INFO  Version:17 - HV000001: Hibernate Validator 5.2.2.Final
2016-05-21 00:31:18 INFO  DriverManagerDataSource:133 - Loaded JDBC driver: com.mysql.jdbc.Driver
2016-05-21 00:31:18 INFO  JdbcUserDetailsManager:115 - No authentication manager set. Reauthentication of users when changing passwords will not be performed.
2016-05-21 00:31:18 INFO  JdbcUserDetailsManager:115 - No authentication manager set. Reauthentication of users when changing passwords will not be performed.
2016-05-21 00:31:19 INFO  DefaultSecurityFilterChain:28 - Creating filter chain: org.springframework.security.web.util.matcher.AnyRequestMatcher@1, [org.springframework.security.web.context.SecurityContextPersistenceFilter@3c4ba1d, org.springframework.security.web.header.HeaderWriterFilter@6896c7d9, org.springframework.security.web.authentication.logout.LogoutFilter@31aad34, org.springframework.security.web.authentication.UsernamePasswordAuthenticationFilter@4c613283, org.springframework.security.web.authentication.www.BasicAuthenticationFilter@13b5da2, org.springframework.security.web.savedrequest.RequestCacheAwareFilter@6080374f, org.springframework.security.web.servletapi.SecurityContextHolderAwareRequestFilter@1af5508, org.springframework.security.web.authentication.rememberme.RememberMeAuthenticationFilter@1df78115, org.springframework.security.web.authentication.AnonymousAuthenticationFilter@643b9911, org.springframework.security.web.session.SessionManagementFilter@4be5e80, org.springframework.security.web.access.ExceptionTranslationFilter@6e2e27ee, org.springframework.security.web.access.intercept.FilterSecurityInterceptor@183fb2c5]
2016-05-21 00:31:19 INFO  DefaultFilterChainValidator:139 - Checking whether login URL '/logging' is accessible with your configuration
2016-05-21 00:31:19 INFO  ContextLoader:345 - Root WebApplicationContext: initialization completed in 4345 ms
2016-05-21 00:31:19 INFO  DispatcherServlet:488 - FrameworkServlet 'Dispatcher': initialization started
2016-05-21 00:31:19 INFO  XmlWebApplicationContext:578 - Refreshing WebApplicationContext for namespace 'Dispatcher-servlet': startup date [Sat May 21 00:31:19 GMT 2016]; parent: Root WebApplicationContext
2016-05-21 00:31:19 INFO  XmlBeanDefinitionReader:317 - Loading XML bean definitions from ServletContext resource [/WEB-INF/Dispatcher-context.xml]
2016-05-21 00:31:19 INFO  SecurityNamespaceHandler:78 - Spring Security 'config' module version is 4.0.3.RELEASE
2016-05-21 00:31:19 INFO  GlobalMethodSecurityBeanDefinitionParser:208 - Expressions were enabled for method security but no SecurityExpressionHandler was configured. All hasPermision() expressions will evaluate to false.
2016-05-21 00:31:19 INFO  XmlBeanDefinitionReader:317 - Loading XML bean definitions from ServletContext resource [/WEB-INF/databaseConnection.xml]
2016-05-21 00:31:19 INFO  AutowiredAnnotationBeanPostProcessor:153 - JSR-330 'javax.inject.Inject' annotation found and supported for autowiring
2016-05-21 00:31:19 INFO  DefaultPersistenceUnitManager:498 - Found explicit default unit with name 'base' in persistence.xml - overriding local default unit settings ('packagesToScan'/'mappingResources')
2016-05-21 00:31:19 INFO  LocalContainerEntityManagerFactoryBean:339 - Building JPA container EntityManagerFactory for persistence unit 'base'
2016-05-21 00:31:19 INFO  LogHelper:31 - HHH000204: Processing PersistenceUnitInfo [
	name: base
	...]
2016-05-21 00:31:19 WARN  connections:71 - HHH10001002: Using Hibernate built-in connection pool (not for production use!)
2016-05-21 00:31:19 INFO  connections:127 - HHH10001005: using driver [com.mysql.jdbc.Driver] at URL [jdbc:mysql://localhost:3306/myDatabase]
2016-05-21 00:31:19 INFO  connections:136 - HHH10001001: Connection properties: {user=root}
2016-05-21 00:31:19 INFO  connections:141 - HHH10001003: Autocommit mode: false
2016-05-21 00:31:19 INFO  DriverManagerConnectionProviderImpl:39 - HHH000115: Hibernate connection pool size: 20 (min=1)
2016-05-21 00:31:19 INFO  Dialect:156 - HHH000400: Using dialect: org.hibernate.dialect.MySQL5Dialect
2016-05-21 00:31:19 INFO  LobCreatorBuilderImpl:98 - HHH000423: Disabling contextual LOB creation as JDBC driver reported JDBC version [3] less than 4
2016-05-21 00:31:20 WARN  EntityManagerFactoryRegistry:63 - HHH000436: Entity manager factory name (base) is already registered.  If entity manager will be clustered or passivated, specify a unique value for property 'hibernate.ejb.entitymanager_factory_name'
2016-05-21 00:31:20 INFO  SimpleUrlHandlerMapping:341 - Mapped URL path [/resources/**] onto handler 'org.springframework.web.servlet.resource.ResourceHttpRequestHandler#0'
2016-05-21 00:31:20 INFO  RequestMappingHandlerMapping:534 - Mapped "{[/admin/articles/remove/{id}],methods=[PUT]}" onto public void com.bakos.Controllers.AdminController.removeItem(int)
2016-05-21 00:31:20 INFO  RequestMappingHandlerMapping:534 - Mapped "{[/admin/allUsers],methods=[GET]}" onto public java.lang.String com.bakos.Controllers.AdminController.allUsers(org.springframework.ui.Model)
2016-05-21 00:31:20 INFO  RequestMappingHandlerMapping:534 - Mapped "{[/admin/delete/{id}],methods=[GET]}" onto public java.lang.String com.bakos.Controllers.AdminController.deleteUser(int,org.springframework.ui.Model)
2016-05-21 00:31:20 INFO  RequestMappingHandlerMapping:534 - Mapped "{[/admin/changeRole/{isTrue}],methods=[GET]}" onto public java.lang.String com.bakos.Controllers.AdminController.checkedTypes(boolean,org.springframework.ui.Model)
2016-05-21 00:31:20 INFO  RequestMappingHandlerMapping:534 - Mapped "{[/admin/settings],methods=[GET]}" onto public java.lang.String com.bakos.Controllers.AdminController.adminSettings(org.springframework.ui.Model)
2016-05-21 00:31:20 INFO  RequestMappingHandlerMapping:534 - Mapped "{[/admin/articles],methods=[GET]}" onto public java.lang.String com.bakos.Controllers.AdminController.articles(org.springframework.ui.Model)
2016-05-21 00:31:20 INFO  RequestMappingHandlerMapping:534 - Mapped "{[/admin/allArticles],methods=[GET],produces=[text/xml || application/json]}" onto public java.util.List<com.bakos.UserDTO.Articles> com.bakos.Controllers.AdminController.articlesAll(org.springframework.ui.Model)
2016-05-21 00:31:20 INFO  RequestMappingHandlerMapping:534 - Mapped "{[/admin/settings],methods=[POST]}" onto public java.lang.String com.bakos.Controllers.AdminController.adminSettingsPost(com.bakos.UserDTO.Articles)
2016-05-21 00:31:20 INFO  RequestMappingHandlerMapping:534 - Mapped "{[/],methods=[GET]}" onto public java.lang.String com.bakos.Controllers.MainController.main(org.springframework.ui.Model)
2016-05-21 00:31:20 INFO  RequestMappingHandlerMapping:534 - Mapped "{[/register],methods=[POST]}" onto public java.lang.String com.bakos.Controllers.MainController.registerForm(com.bakos.UserDTO.Users,org.springframework.validation.BindingResult,org.springframework.ui.Model)
2016-05-21 00:31:20 INFO  RequestMappingHandlerMapping:534 - Mapped "{[/logging]}" onto public java.lang.String com.bakos.Controllers.MainController.LoggingBefore(org.springframework.ui.Model)
2016-05-21 00:31:20 INFO  RequestMappingHandlerMapping:534 - Mapped "{[/getRecipeById/{id}],methods=[GET]}" onto public java.lang.String com.bakos.Controllers.MainController.getRecipeById(int,org.springframework.ui.Model)
2016-05-21 00:31:20 INFO  RequestMappingHandlerMapping:534 - Mapped "{[/register],methods=[GET]}" onto public java.lang.String com.bakos.Controllers.MainController.registerFormInit(org.springframework.ui.Model)
2016-05-21 00:31:20 INFO  RequestMappingHandlerMapping:534 - Mapped "{[/aaaa],methods=[GET],produces=[text/xml || application/json]}" onto public java.util.List<com.bakos.UserDTO.CulinaryRecipes> com.bakos.Controllers.MainController.getCulinaryRecipesToHtml()
2016-05-21 00:31:20 INFO  RequestMappingHandlerMapping:534 - Mapped "{[/user/recipes/{id}],methods=[GET],produces=[text/xml || application/json]}" onto public com.bakos.UserDTO.CulinaryRecipes com.bakos.Controllers.RecipeController.read(int)
2016-05-21 00:31:20 INFO  RequestMappingHandlerMapping:534 - Mapped "{[/user/recipes/{id}],methods=[POST]}" onto public void com.bakos.Controllers.RecipeController.update(com.bakos.UserDTO.CulinaryRecipes,org.springframework.validation.BindingResult,int)
2016-05-21 00:31:20 INFO  RequestMappingHandlerMapping:534 - Mapped "{[/user/recipes/upload],methods=[GET]}" onto public java.lang.String com.bakos.Controllers.RecipeController.upload(org.springframework.ui.Model)
2016-05-21 00:31:20 INFO  RequestMappingHandlerMapping:534 - Mapped "{[/user/recipes/show/{id}],methods=[GET]}" onto public java.lang.String com.bakos.Controllers.RecipeController.show(int,org.springframework.ui.Model)
2016-05-21 00:31:20 INFO  RequestMappingHandlerMapping:534 - Mapped "{[/user/recipes/remove/{id}],methods=[PUT]}" onto public void com.bakos.Controllers.RecipeController.removeItem(int)
2016-05-21 00:31:20 INFO  RequestMappingHandlerMapping:534 - Mapped "{[/user/recipes/articles],methods=[GET]}" onto public java.lang.String com.bakos.Controllers.RecipeController.articles(org.springframework.ui.Model)
2016-05-21 00:31:20 INFO  RequestMappingHandlerMapping:534 - Mapped "{[/user/recipes],methods=[GET],produces=[text/xml || application/json]}" onto public java.util.List<com.bakos.UserDTO.CulinaryRecipes> com.bakos.Controllers.RecipeController.updateAll()
2016-05-21 00:31:20 INFO  RequestMappingHandlerMapping:534 - Mapped "{[/user/recipes/statistics],methods=[GET]}" onto public java.lang.String com.bakos.Controllers.RecipeController.statiscic(org.springframework.ui.Model)
2016-05-21 00:31:20 INFO  RequestMappingHandlerMapping:534 - Mapped "{[/user/recipes/uploadPost],methods=[POST]}" onto public java.lang.String com.bakos.Controllers.RecipeController.onSubmit(javax.servlet.http.HttpServletRequest) throws java.lang.IllegalStateException,java.io.IOException
2016-05-21 00:31:20 INFO  RequestMappingHandlerMapping:534 - Mapped "{[/user/settings],methods=[GET]}" onto public java.lang.String com.bakos.Controllers.UserController.settings(org.springframework.ui.Model)
2016-05-21 00:31:20 INFO  RequestMappingHandlerMapping:534 - Mapped "{[/user/home],methods=[GET]}" onto public java.lang.String com.bakos.Controllers.UserController.home(org.springframework.ui.Model)
2016-05-21 00:31:20 INFO  RequestMappingHandlerMapping:534 - Mapped "{[/user/checkedTypes],methods=[POST]}" onto public java.lang.String com.bakos.Controllers.UserController.checkedTypes(com.bakos.UserDTO.FilterPattern,org.springframework.ui.Model)
2016-05-21 00:31:20 INFO  RequestMappingHandlerMapping:534 - Mapped "{[/user/sendMessage],methods=[POST]}" onto public java.lang.String com.bakos.Controllers.UserController.sendMessage(com.bakos.UserDTO.Messages,java.security.Principal,org.springframework.ui.Model)
2016-05-21 00:31:20 INFO  RequestMappingHandlerMapping:534 - Mapped "{[/user/addRecipe],methods=[GET]}" onto public java.lang.String com.bakos.Controllers.UserController.addRecipeBefore(org.springframework.ui.Model)
2016-05-21 00:31:20 INFO  RequestMappingHandlerMapping:534 - Mapped "{[/user/addRecipe],methods=[POST]}" onto public java.lang.String com.bakos.Controllers.UserController.addRecipeAfter(com.bakos.UserDTO.CulinaryRecipes,org.springframework.validation.BindingResult,javax.servlet.http.HttpServletRequest,org.springframework.ui.Model)
2016-05-21 00:31:20 INFO  RequestMappingHandlerMapping:534 - Mapped "{[/user/myCulinaryRecipe],methods=[GET]}" onto public java.lang.String com.bakos.Controllers.UserController.myCulinaryRecipe(org.springframework.ui.Model)
2016-05-21 00:31:21 INFO  RequestMappingHandlerAdapter:532 - Looking for @ControllerAdvice: WebApplicationContext for namespace 'Dispatcher-servlet': startup date [Sat May 21 00:31:19 GMT 2016]; parent: Root WebApplicationContext
2016-05-21 00:31:21 INFO  RequestMappingHandlerAdapter:532 - Looking for @ControllerAdvice: WebApplicationContext for namespace 'Dispatcher-servlet': startup date [Sat May 21 00:31:19 GMT 2016]; parent: Root WebApplicationContext
2016-05-21 00:31:21 INFO  TilesAccess:93 - Publishing TilesContext for context: org.springframework.web.servlet.view.tiles3.SpringWildcardServletTilesApplicationContext
2016-05-21 00:31:21 INFO  DispatcherServlet:507 - FrameworkServlet 'Dispatcher': initialization completed in 2548 ms
